train on cuda
load model success.
Epoch: 1 / 50 ============================

epoch 1 cost time: 122.7845709323883s, losses: 0.007678501773625612, save model success!
Epoch: 2 / 50 ============================

epoch 2 cost time: 122.79087209701538s, losses: 0.00754694826900959, save model success!
Epoch: 3 / 50 ============================

epoch 3 cost time: 122.82550764083862s, losses: 0.005523809231817722, save model success!
Epoch: 4 / 50 ============================

epoch 4 cost time: 122.9411244392395s, losses: 0.005024154670536518, save model success!
Epoch: 5 / 50 ============================

epoch 5 cost time: 123.08716487884521s, losses: 0.00964761059731245, save model success!
Epoch: 6 / 50 ============================

epoch 6 cost time: 122.98938965797424s, losses: 0.004588870797306299, save model success!
Epoch: 7 / 50 ============================

epoch 7 cost time: 122.98795104026794s, losses: 0.008888396434485912, save model success!
Epoch: 8 / 50 ============================

epoch 8 cost time: 122.7634494304657s, losses: 0.005398669745773077, save model success!
Epoch: 9 / 50 ============================

epoch 9 cost time: 123.11396789550781s, losses: 0.0047779749147593975, save model success!
Epoch: 10 / 50 ============================

epoch 10 cost time: 122.90532565116882s, losses: 0.003684986848384142, save model success!
Epoch: 11 / 50 ============================

epoch 11 cost time: 122.74418497085571s, losses: 0.005087635945528746, save model success!
Epoch: 12 / 50 ============================

epoch 12 cost time: 122.77960562705994s, losses: 0.003501758212223649, save model success!
Epoch: 13 / 50 ============================

epoch 13 cost time: 122.65382957458496s, losses: 0.004145984537899494, save model success!
Epoch: 14 / 50 ============================

epoch 14 cost time: 122.41382217407227s, losses: 0.004385609645396471, save model success!
Epoch: 15 / 50 ============================

epoch 15 cost time: 122.4667763710022s, losses: 0.004421769641339779, save model success!
Epoch: 16 / 50 ============================

epoch 16 cost time: 122.7433557510376s, losses: 0.005583601072430611, save model success!
Epoch: 17 / 50 ============================

epoch 17 cost time: 122.76454710960388s, losses: 0.0038984932471066713, save model success!
Epoch: 18 / 50 ============================

epoch 18 cost time: 122.53570985794067s, losses: 0.004751061089336872, save model success!
Epoch: 19 / 50 ============================

epoch 19 cost time: 122.38242936134338s, losses: 0.005529365967959166, save model success!
Epoch: 20 / 50 ============================

epoch 20 cost time: 122.36938858032227s, losses: 0.006617593578994274, save model success!
Epoch: 21 / 50 ============================

epoch 21 cost time: 122.54258370399475s, losses: 0.005573236849159002, save model success!
Epoch: 22 / 50 ============================

epoch 22 cost time: 122.21769070625305s, losses: 0.006254700478166342, save model success!
Epoch: 23 / 50 ============================

epoch 23 cost time: 122.47584843635559s, losses: 0.003685237839818001, save model success!
Epoch: 24 / 50 ============================

epoch 24 cost time: 122.76199722290039s, losses: 0.0029086668509989977, save model success!
Epoch: 25 / 50 ============================

epoch 25 cost time: 122.98783469200134s, losses: 0.003051219740882516, save model success!
Epoch: 26 / 50 ============================

epoch 26 cost time: 122.92847633361816s, losses: 0.00382735813036561, save model success!
Epoch: 27 / 50 ============================

epoch 27 cost time: 122.32746386528015s, losses: 0.004535827785730362, save model success!
Epoch: 28 / 50 ============================

epoch 28 cost time: 122.38412690162659s, losses: 0.003853189991787076, save model success!
Epoch: 29 / 50 ============================

epoch 29 cost time: 122.88986301422119s, losses: 0.0066474610939621925, save model success!
Epoch: 30 / 50 ============================

epoch 30 cost time: 122.52911305427551s, losses: 0.006341562606394291, save model success!
Epoch: 31 / 50 ============================

epoch 31 cost time: 122.21009707450867s, losses: 0.004317141603678465, save model success!
Epoch: 32 / 50 ============================

epoch 32 cost time: 122.19061040878296s, losses: 0.0029013173189014196, save model success!
Epoch: 33 / 50 ============================

epoch 33 cost time: 123.30952596664429s, losses: 0.004472693894058466, save model success!
Epoch: 34 / 50 ============================

epoch 34 cost time: 122.99845099449158s, losses: 0.00398373045027256, save model success!
Epoch: 35 / 50 ============================

epoch 35 cost time: 122.24063777923584s, losses: 0.003967774100601673, save model success!
Epoch: 36 / 50 ============================

epoch 36 cost time: 122.74045252799988s, losses: 0.004577175248414278, save model success!
Epoch: 37 / 50 ============================

epoch 37 cost time: 122.54488182067871s, losses: 0.003944067750126123, save model success!
Epoch: 38 / 50 ============================

epoch 38 cost time: 122.64086174964905s, losses: 0.003949846141040325, save model success!
Epoch: 39 / 50 ============================

epoch 39 cost time: 122.3199417591095s, losses: 0.004767202772200108, save model success!
Epoch: 40 / 50 ============================

epoch 40 cost time: 122.71818232536316s, losses: 0.004347389098256826, save model success!
Epoch: 41 / 50 ============================

epoch 41 cost time: 122.78140568733215s, losses: 0.005031641572713852, save model success!
Epoch: 42 / 50 ============================

epoch 42 cost time: 122.2267804145813s, losses: 0.0038885658141225576, save model success!
Epoch: 43 / 50 ============================

epoch 43 cost time: 122.66908812522888s, losses: 0.006160623859614134, save model success!
Epoch: 44 / 50 ============================

epoch 44 cost time: 121.99399447441101s, losses: 0.004149347543716431, save model success!
Epoch: 45 / 50 ============================

epoch 45 cost time: 122.25161027908325s, losses: 0.00930607970803976, save model success!
Epoch: 46 / 50 ============================

epoch 46 cost time: 122.12014198303223s, losses: 0.0056046112440526485, save model success!
Epoch: 47 / 50 ============================

epoch 47 cost time: 122.35996198654175s, losses: 0.0032094873022288084, save model success!
Epoch: 48 / 50 ============================

epoch 48 cost time: 122.65206241607666s, losses: 0.007775197271257639, save model success!
Epoch: 49 / 50 ============================

epoch 49 cost time: 122.21692562103271s, losses: 0.004883638583123684, save model success!
Epoch: 50 / 50 ============================

epoch 50 cost time: 122.30507183074951s, losses: 0.0031538226176053286, save model success!
[0.007678501773625612, 0.00754694826900959, 0.005523809231817722, 0.005024154670536518, 0.00964761059731245, 0.004588870797306299, 0.008888396434485912, 0.005398669745773077, 0.0047779749147593975, 0.003684986848384142, 0.005087635945528746, 0.003501758212223649, 0.004145984537899494, 0.004385609645396471, 0.004421769641339779, 0.005583601072430611, 0.0038984932471066713, 0.004751061089336872, 0.005529365967959166, 0.006617593578994274, 0.005573236849159002, 0.006254700478166342, 0.003685237839818001, 0.0029086668509989977, 0.003051219740882516, 0.00382735813036561, 0.004535827785730362, 0.003853189991787076, 0.0066474610939621925, 0.006341562606394291, 0.004317141603678465, 0.0029013173189014196, 0.004472693894058466, 0.00398373045027256, 0.003967774100601673, 0.004577175248414278, 0.003944067750126123, 0.003949846141040325, 0.004767202772200108, 0.004347389098256826, 0.005031641572713852, 0.0038885658141225576, 0.006160623859614134, 0.004149347543716431, 0.00930607970803976, 0.0056046112440526485, 0.0032094873022288084, 0.007775197271257639, 0.004883638583123684, 0.0031538226176053286]
