train on cuda
Epoch: 1 / 50 ============================
[0.1638249009847641, 0.1460496336221695, 0.14097774028778076, 0.12723177671432495, 0.11366192996501923, 0.11073532700538635, 0.10238257050514221, 0.09697039425373077, 0.093738853931427, 0.09072859585285187, 0.08977017551660538, 0.08779390156269073, 0.08553219586610794, 0.08340173959732056, 0.08167173713445663, 0.07655368000268936, 0.07476966083049774, 0.07066988199949265, 0.06882943212985992, 0.06501691043376923, 0.05979565531015396, 0.058306723833084106, 0.054198142141103745, 0.050122421234846115, 0.04770428687334061, 0.042058806866407394, 0.04308849573135376, 0.043600618839263916, 0.04156181588768959, 0.039289552718400955, 0.03795428201556206]
epoch 1 cost time: 14.502119064331055s, losses: 0.08025780320167542, save model success!
Epoch: 2 / 50 ============================
[0.034990813583135605, 0.03771242871880531, 0.03506839647889137, 0.03296532481908798, 0.032986823469400406, 0.033023301512002945, 0.030159728601574898, 0.02972310036420822, 0.030756555497646332, 0.03035702370107174, 0.028760412707924843, 0.024526070803403854, 0.027478031814098358, 0.029520755633711815, 0.02094852551817894, 0.031685721129179, 0.026935525238513947, 0.027955498546361923, 0.021805645897984505, 0.020840847864747047, 0.020020976662635803, 0.020626410841941833, 0.017430800944566727, 0.01874900609254837, 0.017086634412407875, 0.017757799476385117, 0.016534999012947083, 0.016578473150730133, 0.016308240592479706, 0.0157980564981699, 0.015384923666715622]
epoch 2 cost time: 14.496815204620361s, losses: 0.025176672264933586, save model success!
Epoch: 3 / 50 ============================
[0.015339048579335213, 0.013912221416831017, 0.014452191069722176, 0.014064116403460503, 0.014093135483562946, 0.013420105911791325, 0.013271228410303593, 0.012399250641465187, 0.012072534300386906, 0.011678474023938179, 0.011358413845300674, 0.011786501854658127, 0.010627981275320053, 0.010183065198361874, 0.010742498561739922, 0.009933075867593288, 0.009914856404066086, 0.011098859831690788, 0.009949023835361004, 0.010506908409297466, 0.010982026346027851, 0.009616331197321415, 0.009827518835663795, 0.009846113622188568, 0.009686036966741085, 0.009650456719100475, 0.0107966847717762, 0.00936002004891634, 0.009456057101488113, 0.009734361432492733, 0.008553097024559975]
epoch 3 cost time: 14.30927324295044s, losses: 0.011235876008868217, save model success!
Epoch: 4 / 50 ============================
[0.008496108464896679, 0.009119672700762749, 0.008486856706440449, 0.008874515071511269, 0.009398779831826687, 0.008807788603007793, 0.008702480234205723, 0.009022575803101063, 0.008887914940714836, 0.00874186959117651, 0.007933667860925198, 0.008660538122057915, 0.008307992480695248, 0.008137566968798637, 0.008429023437201977, 0.00793816801160574, 0.008531855419278145, 0.008368207141757011, 0.007394040934741497, 0.007573308888822794, 0.00817326083779335, 0.007479055318981409, 0.007334134541451931, 0.00687731197103858, 0.007673139683902264, 0.00682248966768384, 0.0075777373276650906, 0.007504940964281559, 0.007098236121237278, 0.007518377620726824, 0.008403988555073738]
epoch 4 cost time: 14.242094278335571s, losses: 0.008137921802699566, save model success!
Epoch: 5 / 50 ============================
[0.007732233963906765, 0.00697189150378108, 0.00771440239623189, 0.007198200095444918, 0.00750775309279561, 0.008101723156869411, 0.006423019338399172, 0.00840368028730154, 0.007447756361216307, 0.008335164748132229, 0.008120817132294178, 0.007088144775480032, 0.007326548919081688, 0.006102468352764845, 0.007429830264300108, 0.007819165475666523, 0.007802773732692003, 0.006990589667111635, 0.007862059399485588, 0.006482279393821955, 0.006918497383594513, 0.00623865332454443, 0.007074389141052961, 0.0072560119442641735, 0.0061811055056750774, 0.006660579238086939, 0.006924080196768045, 0.006076747551560402, 0.0066702826879918575, 0.006498916540294886, 0.006720917299389839]
epoch 5 cost time: 15.084033489227295s, losses: 0.007163892965763807, save model success!
Epoch: 6 / 50 ============================
[0.0060705761425197124, 0.007031728513538837, 0.007298699580132961, 0.006882460322231054, 0.006352043244987726, 0.0069527230225503445, 0.006339677609503269, 0.007344791200011969, 0.006236757151782513, 0.005678163375705481, 0.006196040194481611, 0.00594255980104208, 0.007051018066704273, 0.006210872903466225, 0.0064377556554973125, 0.005972397513687611, 0.006750504486262798, 0.005247204098850489, 0.00626138411462307, 0.006418818607926369, 0.005280070938169956, 0.0069676348939538, 0.00647435337305069, 0.006493046414107084, 0.0066269319504499435, 0.005658452864736319, 0.0058198715560138226, 0.005711270030587912, 0.005851325578987598, 0.0064842840656638145, 0.006171361077576876]
epoch 6 cost time: 16.679402351379395s, losses: 0.006329508498311043, save model success!
Epoch: 7 / 50 ============================
[0.005571651738137007, 0.005993411410599947, 0.00599801167845726, 0.005807031877338886, 0.0056650517508387566, 0.00578382657840848, 0.00586662394925952, 0.0064380173571407795, 0.007296107709407806, 0.00830941740423441, 0.007768906187266111, 0.0066111767664551735, 0.006698378827422857, 0.007159812841564417, 0.006322252564132214, 0.006163571961224079, 0.0067178732715547085, 0.005562127102166414, 0.005027205217629671, 0.005588953848928213, 0.005962669383734465, 0.005639445036649704, 0.005372841376811266, 0.005398282781243324, 0.005919964984059334, 0.00651570362970233, 0.00635727122426033, 0.00617825984954834, 0.005466933827847242, 0.006044871173799038, 0.005135477054864168]
epoch 7 cost time: 15.81511664390564s, losses: 0.006140036508440971, save model success!
Epoch: 8 / 50 ============================
[0.005597984883934259, 0.005702308379113674, 0.005701855756342411, 0.005412518512457609, 0.005438308231532574, 0.005807569250464439, 0.005971704144030809, 0.006058157421648502, 0.005055343732237816, 0.005831744056195021, 0.005450794473290443, 0.00563257560133934, 0.006526477634906769, 0.0044521670788526535, 0.005766457878053188, 0.006029685027897358, 0.00535891018807888, 0.006718670949339867, 0.006865672767162323, 0.006149529479444027, 0.006169132888317108, 0.005436887964606285, 0.006135270465165377, 0.005666641052812338, 0.005377361550927162, 0.005798243917524815, 0.005938499700278044, 0.005493011325597763, 0.00550151988863945, 0.005937244277447462, 0.005535304546356201]
epoch 8 cost time: 16.252853870391846s, losses: 0.00575863104313612, save model success!
Epoch: 9 / 50 ============================
[0.00532096391543746, 0.005809474736452103, 0.005185051821172237, 0.0050918362103402615, 0.005416300147771835, 0.0058600748889148235, 0.00563045684248209, 0.005868295673280954, 0.005582100711762905, 0.0059796166606247425, 0.005638995673507452, 0.004711811430752277, 0.006238946691155434, 0.004919873084872961, 0.005233298055827618, 0.005510295741260052, 0.0048910570330917835, 0.005296755116432905, 0.004964772611856461, 0.00568575132638216, 0.00595114566385746, 0.0050899493508040905, 0.005298080388456583, 0.004982060752809048, 0.005540095269680023, 0.0049060327000916, 0.0051633319817483425, 0.005889397580176592, 0.005600314121693373, 0.005404215306043625, 0.005560971796512604]
epoch 9 cost time: 16.825906991958618s, losses: 0.005426494404673576, save model success!
Epoch: 10 / 50 ============================
[0.005315795075148344, 0.005176044534891844, 0.00492837792262435, 0.005526007618755102, 0.005626005120575428, 0.006376342382282019, 0.005721244961023331, 0.005741543136537075, 0.005498981103301048, 0.005246552173048258, 0.005008297506719828, 0.004486325196921825, 0.004992189817130566, 0.005945547018200159, 0.005287088919430971, 0.005915011744946241, 0.004623329266905785, 0.005420276895165443, 0.005551167763769627, 0.005573709961026907, 0.005675523541867733, 0.004910345654934645, 0.005157665815204382, 0.0045538293197751045, 0.004885782487690449, 0.005276761017739773, 0.005082794465124607, 0.005618764087557793, 0.0053668818436563015, 0.005308751482516527, 0.004796161316335201]
epoch 10 cost time: 16.626596212387085s, losses: 0.005309454631060362, save model success!
Epoch: 11 / 50 ============================
[0.005356978625059128, 0.00628426019102335, 0.0057778190821409225, 0.0054553477093577385, 0.0051445383578538895, 0.005310139153152704, 0.004982215352356434, 0.0058654737658798695, 0.004768020939081907, 0.004744003061205149, 0.004956659860908985, 0.004727263934910297, 0.005761741194874048, 0.0044063786044716835, 0.006028655916452408, 0.005704640410840511, 0.004410360008478165, 0.004992213100194931, 0.00448503578081727, 0.00515013886615634, 0.005420860834419727, 0.005202314350754023, 0.005121062509715557, 0.005230747628957033, 0.006351069547235966, 0.0047111851163208485, 0.005770224612206221, 0.00600703340023756, 0.005302962381392717, 0.005710027180612087, 0.004910571966320276]
epoch 11 cost time: 15.670498371124268s, losses: 0.005291934125125408, save model success!
Epoch: 12 / 50 ============================
[0.005202335771173239, 0.004556594416499138, 0.0049293083138763905, 0.005906123202294111, 0.005076939705759287, 0.005006249062716961, 0.004963963758200407, 0.005582357756793499, 0.005751047749072313, 0.006218463182449341, 0.005445366259664297, 0.004725318402051926, 0.004929024260491133, 0.005268662702292204, 0.005285840947180986, 0.005795242730528116, 0.005487134680151939, 0.00538343982771039, 0.0042710211127996445, 0.0044666170142591, 0.004995768424123526, 0.004649970680475235, 0.0048698741011321545, 0.005796434357762337, 0.004975446965545416, 0.004590932279825211, 0.004964251536875963, 0.005154287442564964, 0.005249067675322294, 0.00429209740832448, 0.005013466812670231]
epoch 12 cost time: 16.38788890838623s, losses: 0.005122666247189045, save model success!
Epoch: 13 / 50 ============================
[0.0047690472565591335, 0.004942776169627905, 0.005093462765216827, 0.005080409813672304, 0.0042746467515826225, 0.005028099752962589, 0.005724865943193436, 0.005770150572061539, 0.005366848781704903, 0.004961715545505285, 0.005357800051569939, 0.004646762274205685, 0.005287691950798035, 0.0050824047066271305, 0.004565529990941286, 0.006392946001142263, 0.00558452820405364, 0.0045986780896782875, 0.005145142786204815, 0.005346886347979307, 0.005276471842080355, 0.004857439547777176, 0.0050871605053544044, 0.005524320527911186, 0.005657389760017395, 0.005777523387223482, 0.005960540845990181, 0.006598290987312794, 0.004592734854668379, 0.006777688395231962, 0.00492230337113142]
epoch 13 cost time: 16.175328731536865s, losses: 0.005292009096592665, save model success!
Epoch: 14 / 50 ============================
[0.0053941416554152966, 0.005420995876193047, 0.005347242578864098, 0.005681502167135477, 0.004442971665412188, 0.00456389831379056, 0.00535781541839242, 0.005612845998257399, 0.004297227133065462, 0.004553643055260181, 0.004443333949893713, 0.005379743408411741, 0.004734997171908617, 0.0050460644997656345, 0.005626198370009661, 0.005251129623502493, 0.005777920130640268, 0.00439477851614356, 0.005512867588549852, 0.004707608837634325, 0.005766146816313267, 0.004673326853662729, 0.005901558790355921, 0.005663222633302212, 0.00508657144382596, 0.00529829878360033, 0.004618711303919554, 0.004965172614902258, 0.004672512412071228, 0.004920311737805605, 0.0057313344441354275]
epoch 14 cost time: 16.381709814071655s, losses: 0.005124003626406193, save model success!
Epoch: 15 / 50 ============================
[0.004978863522410393, 0.004370440263301134, 0.0047854590229690075, 0.00458892248570919, 0.0053911590948700905, 0.004991923458874226, 0.004823662340641022, 0.004930964205414057, 0.0046116323210299015, 0.00494861276820302, 0.004754612222313881, 0.005842105485498905, 0.004765726160258055, 0.004571523517370224, 0.005278651136904955, 0.005091026891022921, 0.004623406566679478, 0.005249927751719952, 0.005295122507959604, 0.0056614018976688385, 0.004140765871852636, 0.004888775292783976, 0.0042959232814610004, 0.005063037388026714, 0.004598933272063732, 0.0042533716186881065, 0.0046274494379758835, 0.00432714493945241, 0.004328708630055189, 0.004396052565425634, 0.004565511364489794]
epoch 15 cost time: 16.77067494392395s, losses: 0.004807767923921347, save model success!
Epoch: 16 / 50 ============================
[0.005370664410293102, 0.004447251092642546, 0.004953548777848482, 0.005199814215302467, 0.0037913694977760315, 0.0056610070168972015, 0.0049455780535936356, 0.004432676360011101, 0.004700242541730404, 0.004158006981015205, 0.004605793859809637, 0.005079495720565319, 0.005246962420642376, 0.0051440042443573475, 0.0050539057701826096, 0.0047672162763774395, 0.004267195705324411, 0.004871112760156393, 0.004382789134979248, 0.004743360448628664, 0.004323039669543505, 0.004378272220492363, 0.004836325068026781, 0.0053256661631166935, 0.0061101452447474, 0.006180431693792343, 0.006397307384759188, 0.005310707725584507, 0.004421743098646402, 0.005295672453939915, 0.00525415875017643]
epoch 16 cost time: 15.258563756942749s, losses: 0.004956628195941448, save model success!
Epoch: 17 / 50 ============================
[0.0054008569568395615, 0.004582376219332218, 0.0049145822413265705, 0.004292462952435017, 0.004500396084040403, 0.004589943680912256, 0.006534473970532417, 0.005138835404068232, 0.004506086930632591, 0.004869536962360144, 0.004787800367921591, 0.004693079274147749, 0.004573192913085222, 0.0047127981670200825, 0.004913307726383209, 0.006147754844278097, 0.004797805100679398, 0.004329542629420757, 0.004442513920366764, 0.004790127277374268, 0.004346882458776236, 0.00451547559350729, 0.004969934467226267, 0.004372105933725834, 0.004589341580867767, 0.005069904029369354, 0.0038121931720525026, 0.0047901044599711895, 0.004801997449249029, 0.004962280858308077, 0.005774455610662699]
epoch 17 cost time: 16.253767013549805s, losses: 0.004823294933885336, save model success!
Epoch: 18 / 50 ============================
[0.004224604927003384, 0.005484354216605425, 0.0044125826098024845, 0.004628398455679417, 0.004896225873380899, 0.004585165996104479, 0.004760592244565487, 0.004776091314852238, 0.0043098172172904015, 0.004688207060098648, 0.003990535624325275, 0.004665471147745848, 0.004757022485136986, 0.004917452577501535, 0.0041479612700641155, 0.004920864012092352, 0.004776113200932741, 0.005415013525635004, 0.004348865710198879, 0.005510258954018354, 0.004372702911496162, 0.004519815556704998, 0.0043038842268288136, 0.004606461152434349, 0.004333012271672487, 0.00492325471714139, 0.004508388694375753, 0.0048700361512601376, 0.004865964408963919, 0.005128977354615927, 0.005006751511245966]
epoch 18 cost time: 15.650559902191162s, losses: 0.004698543343693018, save model success!
Epoch: 19 / 50 ============================
[0.004246888216584921, 0.004080344922840595, 0.004910260904580355, 0.004082821309566498, 0.004124997649341822, 0.004386452026665211, 0.004575225990265608, 0.004823741503059864, 0.004311463329941034, 0.004427487496286631, 0.005247424356639385, 0.00473502604290843, 0.004457445349544287, 0.004069519229233265, 0.005278449505567551, 0.0051175677217543125, 0.0042356569319963455, 0.004904689267277718, 0.004798058420419693, 0.00503561133518815, 0.004491855390369892, 0.004847884178161621, 0.004062107764184475, 0.005203220061957836, 0.0045007881708443165, 0.004618828650563955, 0.004846666008234024, 0.004544008523225784, 0.00440429151058197, 0.005403538700193167, 0.004472844302654266]
epoch 19 cost time: 16.63835859298706s, losses: 0.004620811436325312, save model success!
Epoch: 20 / 50 ============================
[0.004207031801342964, 0.00511581776663661, 0.004464044701308012, 0.0042172078974545, 0.003981821238994598, 0.00455882865935564, 0.005084595177322626, 0.004148145671933889, 0.004330010153353214, 0.004500357899814844, 0.004417174030095339, 0.004966321866959333, 0.004690374713391066, 0.005139346234500408, 0.0042457785457372665, 0.004613897763192654, 0.004833577666431665, 0.0047241332940757275, 0.004321704618632793, 0.004907852504402399, 0.005148059688508511, 0.004513601306825876, 0.0039037454407662153, 0.0042618862353265285, 0.004034241195768118, 0.004721374716609716, 0.004713178612291813, 0.004203777760267258, 0.0040098801255226135, 0.004990159999579191, 0.004544544033706188]
epoch 20 cost time: 15.963277816772461s, losses: 0.004532660357654095, save model success!
Epoch: 21 / 50 ============================
[0.004971119575202465, 0.004922087304294109, 0.0052707623690366745, 0.006165274418890476, 0.004359339363873005, 0.004138441290706396, 0.004670890513807535, 0.004695641342550516, 0.004408609587699175, 0.0048303147777915, 0.005403773859143257, 0.004150405991822481, 0.0049226111732423306, 0.004394743125885725, 0.004644997417926788, 0.004709167871624231, 0.003974352963268757, 0.0045336028560996056, 0.004108518827706575, 0.004247658420354128, 0.004373692441731691, 0.00445906724780798, 0.0048349094577133656, 0.003826935775578022, 0.004229248035699129, 0.004290921613574028, 0.004738279152661562, 0.004482758231461048, 0.004306437913328409, 0.004924024920910597, 0.004391241818666458]
epoch 21 cost time: 15.71698808670044s, losses: 0.004592897370457649, save model success!
Epoch: 22 / 50 ============================
[0.004404626786708832, 0.005041038151830435, 0.004558701533824205, 0.0045339250937104225, 0.004677877761423588, 0.003970064222812653, 0.0036478720139712095, 0.004510509315878153, 0.004445420112460852, 0.004513395484536886, 0.005298205651342869, 0.004989840090274811, 0.00504384096711874, 0.0045280479826033115, 0.004727483727037907, 0.004885789938271046, 0.004095382522791624, 0.004135440569370985, 0.004435055423527956, 0.004777543246746063, 0.006388789974153042, 0.004259585868567228, 0.004590192344039679, 0.0042269546538591385, 0.004270593170076609, 0.004743032623082399, 0.0038678706623613834, 0.004749111831188202, 0.004843488335609436, 0.005598567891865969, 0.00368455215357244]
epoch 22 cost time: 15.44440245628357s, losses: 0.004594929050654173, save model success!
Epoch: 23 / 50 ============================
[0.006252457853406668, 0.004474247340112925, 0.003646483179181814, 0.004697086289525032, 0.003812572453171015, 0.004376585595309734, 0.00479209003970027, 0.004973746370524168, 0.0044813393615186214, 0.004740916658192873, 0.004271897487342358, 0.005311551969498396, 0.004347688984125853, 0.005441396497189999, 0.00531447259709239, 0.00569775840267539, 0.005285587627440691, 0.0044510564766824245, 0.005479161627590656, 0.004309552256017923, 0.004769511055201292, 0.004303193185478449, 0.004205713048577309, 0.003997070714831352, 0.004366639070212841, 0.0042678858153522015, 0.004415064584463835, 0.004794217646121979, 0.004172561690211296, 0.0049069602973759174, 0.0037626370321959257]
epoch 23 cost time: 16.032838344573975s, losses: 0.0046490030363202095, save model success!
Epoch: 24 / 50 ============================
[0.0038824030198156834, 0.004707607440650463, 0.004276848863810301, 0.004519196227192879, 0.004327298607677221, 0.004691978916525841, 0.004671232774853706, 0.0038115321658551693, 0.004212722647935152, 0.0038220821879804134, 0.004203357733786106, 0.005239380523562431, 0.004615201614797115, 0.004180677700787783, 0.003938635811209679, 0.0043752798810601234, 0.004841310437768698, 0.004315746016800404, 0.004575351718813181, 0.004660647362470627, 0.004403799772262573, 0.004679459612816572, 0.004576773848384619, 0.0051731509156525135, 0.005179989617317915, 0.004864092916250229, 0.00510758301243186, 0.00520187895745039, 0.004468676168471575, 0.004172105807811022, 0.004488872364163399]
epoch 24 cost time: 16.507854461669922s, losses: 0.00452209310606122, save model success!
Epoch: 25 / 50 ============================
[0.004588190000504255, 0.004567872267216444, 0.004872421268373728, 0.004202221520245075, 0.004996684845536947, 0.004153281915932894, 0.004455734509974718, 0.004848535638302565, 0.004197028465569019, 0.00472021522000432, 0.004728774074465036, 0.004566586576402187, 0.004428621847182512, 0.004483277443796396, 0.003957253415137529, 0.003983252216130495, 0.0052130757831037045, 0.004053549375385046, 0.0043081664480268955, 0.004611227661371231, 0.004375146701931953, 0.004223676398396492, 0.004251113627105951, 0.004508742596954107, 0.00425320491194725, 0.005488004069775343, 0.0036540122237056494, 0.004373371601104736, 0.004226170480251312, 0.004758968949317932, 0.004137924872338772]
epoch 25 cost time: 16.250809907913208s, losses: 0.004457622766494751, save model success!
Epoch: 26 / 50 ============================
[0.004643427208065987, 0.004600866232067347, 0.004556409548968077, 0.0042044902220368385, 0.004221473820507526, 0.004013064783066511, 0.005215912591665983, 0.004633743781596422, 0.004035742022097111, 0.004162110388278961, 0.0045829820446670055, 0.004107230808585882, 0.0040710135363042355, 0.0037948929239064455, 0.004237113054841757, 0.004693351220339537, 0.004334367346018553, 0.005241811741143465, 0.004582831170409918, 0.004900165367871523, 0.004613591358065605, 0.0040563419461250305, 0.003894174937158823, 0.004117982462048531, 0.004129024688154459, 0.0037305387668311596, 0.004435695242136717, 0.004644729662686586, 0.004251332022249699, 0.004181868862360716, 0.003978373948484659]
epoch 26 cost time: 16.04370880126953s, losses: 0.004350537434220314, save model success!
Epoch: 27 / 50 ============================
[0.004284997470676899, 0.0041102515533566475, 0.004636073485016823, 0.004586399998515844, 0.004266711883246899, 0.004527874756604433, 0.004670478403568268, 0.003928784746676683, 0.0047355107963085175, 0.0041915178298950195, 0.005435548257082701, 0.00415201997384429, 0.005360910203307867, 0.004414260387420654, 0.0038289923686534166, 0.0038054767064750195, 0.004464658908545971, 0.004532358609139919, 0.004708563908934593, 0.00466461107134819, 0.004928696900606155, 0.004031576216220856, 0.005094836000353098, 0.0054512363858520985, 0.005703961476683617, 0.004609650932252407, 0.005474964622408152, 0.004690536297857761, 0.004797182511538267, 0.004608477000147104, 0.006198294926434755]
epoch 27 cost time: 15.812238693237305s, losses: 0.004674045369029045, save model success!
Epoch: 28 / 50 ============================
[0.0049238670617341995, 0.004484260454773903, 0.00449711550027132, 0.005406922660768032, 0.005116303451359272, 0.00468603428453207, 0.0044099148362874985, 0.004286226816475391, 0.004546147771179676, 0.0038136134389787912, 0.004458205308765173, 0.004573702346533537, 0.004157468676567078, 0.00494609959423542, 0.004928219597786665, 0.004301784094423056, 0.005053079221397638, 0.004684366751462221, 0.0033811726607382298, 0.004078070167452097, 0.004108375869691372, 0.004054365213960409, 0.0044128261506557465, 0.004571048077195883, 0.004741674289107323, 0.004070821683853865, 0.004265949595719576, 0.0037323888391256332, 0.0041193547658622265, 0.004694927018135786, 0.004449117463082075]
epoch 28 cost time: 16.362706899642944s, losses: 0.0044501107186079025, save model success!
Epoch: 29 / 50 ============================
[0.004244157578796148, 0.00413723336532712, 0.004447417799383402, 0.004149687476456165, 0.00468421308323741, 0.004830860998481512, 0.00400636438280344, 0.003969842102378607, 0.004255133680999279, 0.004995911847800016, 0.004203923977911472, 0.004418504424393177, 0.004312593024224043, 0.004522295668721199, 0.004394606687128544, 0.004251785576343536, 0.0044324626214802265, 0.0041313134133815765, 0.003921456169337034, 0.004592956509441137, 0.0044752988032996655, 0.0038489792495965958, 0.004306902643293142, 0.00452870037406683, 0.00400644401088357, 0.00424851942807436, 0.003932380583137274, 0.004181265830993652, 0.0047310818918049335, 0.0037861745804548264, 0.004548452794551849]
epoch 29 cost time: 16.30558466911316s, losses: 0.004306352231651545, save model success!
Epoch: 30 / 50 ============================
[0.0036434498615562916, 0.00439496012404561, 0.004019900690764189, 0.0038150001782923937, 0.004984056111425161, 0.0038477329071611166, 0.004153971094638109, 0.0038324352353811264, 0.004119596444070339, 0.004711594898253679, 0.004230286926031113, 0.0036642730701714754, 0.004609490744769573, 0.004486871883273125, 0.004602699540555477, 0.005833406466990709, 0.005683755036443472, 0.00508637260645628, 0.004904498811811209, 0.004329543560743332, 0.0042641861364245415, 0.004544940777122974, 0.004645210225135088, 0.004161379300057888, 0.004639796447008848, 0.004341029096394777, 0.004848629701882601, 0.0037992135621607304, 0.003881265642121434, 0.003927386831492186, 0.004971904214471579]
epoch 30 cost time: 15.767045259475708s, losses: 0.004418672062456608, save model success!
Epoch: 31 / 50 ============================
[0.003965423442423344, 0.004581810906529427, 0.004691292066127062, 0.003956916742026806, 0.004673158749938011, 0.003896878333762288, 0.004199595656245947, 0.004321076441556215, 0.004282484296709299, 0.003818402299657464, 0.0038146586157381535, 0.003714763792231679, 0.004381560254842043, 0.0042272889986634254, 0.004654738120734692, 0.00569724477827549, 0.004233784507960081, 0.004070504568517208, 0.004252647515386343, 0.004085690248757601, 0.004020987078547478, 0.003952603321522474, 0.004755464848130941, 0.0038208430632948875, 0.004268835764378309, 0.004206960089504719, 0.003850220702588558, 0.004003101959824562, 0.00468725711107254, 0.004195454530417919, 0.004244430456310511]
epoch 31 cost time: 16.18513059616089s, losses: 0.004242776893079281, save model success!
Epoch: 32 / 50 ============================
[0.004256684798747301, 0.0047820196487009525, 0.004013524856418371, 0.004552111960947514, 0.003742523491382599, 0.004033307544887066, 0.0039113168604671955, 0.003977685235440731, 0.0042880987748503685, 0.0044411844573915005, 0.004348695278167725, 0.004045763052999973, 0.004194245673716068, 0.004692829214036465, 0.004396717995405197, 0.004181012511253357, 0.0036169716622680426, 0.003791447263211012, 0.003961285576224327, 0.0047488887794315815, 0.003933240193873644, 0.0038926678244024515, 0.004434483591467142, 0.004444670397788286, 0.0038482635281980038, 0.003856209572404623, 0.003971127327531576, 0.004468618892133236, 0.004887285642325878, 0.003839429933577776, 0.004506589379161596]
epoch 32 cost time: 15.996336936950684s, losses: 0.004195448476821184, save model success!
Epoch: 33 / 50 ============================
[0.004293802194297314, 0.0035969961900264025, 0.004565652925521135, 0.0034910980612039566, 0.0040642376989126205, 0.004167940467596054, 0.004130671266466379, 0.004306587856262922, 0.003860191907733679, 0.003464319510385394, 0.004388606641441584, 0.0044133891351521015, 0.005014537833631039, 0.004204478580504656, 0.004660486709326506, 0.003851665649563074, 0.004045294132083654, 0.00436076195910573, 0.004809628706425428, 0.003791243303567171, 0.00355846481397748, 0.00421849824488163, 0.004618603736162186, 0.0040647187270224094, 0.004548842087388039, 0.003836587304249406, 0.004158008843660355, 0.003999758046120405, 0.003673728322610259, 0.004419311881065369, 0.004417552147060633]
epoch 33 cost time: 15.963420391082764s, losses: 0.004161150194704533, save model success!
Epoch: 34 / 50 ============================
[0.0037703816778957844, 0.004171331413090229, 0.004111291840672493, 0.004367531277239323, 0.004028551280498505, 0.004641530569642782, 0.0042044720612466335, 0.00391868082806468, 0.004490147344768047, 0.005020724143832922, 0.004596383310854435, 0.003845604369416833, 0.004346156492829323, 0.004116762895137072, 0.0038516188506036997, 0.0037284076679497957, 0.003729882650077343, 0.004156563431024551, 0.004572958219796419, 0.004637802019715309, 0.0038744844496250153, 0.004297771491110325, 0.0040580276399850845, 0.0038803115021437407, 0.003611222142353654, 0.004658656194806099, 0.004397866316139698, 0.0043626511469483376, 0.0042967661283910275, 0.0045735519379377365, 0.004151351749897003]
epoch 34 cost time: 17.072076559066772s, losses: 0.004208692349493504, save model success!
Epoch: 35 / 50 ============================
[0.00402389420196414, 0.0037702794652432203, 0.00398131413385272, 0.003611602121964097, 0.004768352024257183, 0.004629726056009531, 0.004266738425940275, 0.003968230448663235, 0.004579013679176569, 0.004160674288868904, 0.004249937832355499, 0.00420603109523654, 0.004004778806120157, 0.005391223356127739, 0.0047330912202596664, 0.004627926275134087, 0.0042156046256423, 0.005210032220929861, 0.00485312519595027, 0.004053393378853798, 0.00451463321223855, 0.005197996739298105, 0.004163181409239769, 0.004700051620602608, 0.00496316235512495, 0.00471464404836297, 0.004262845031917095, 0.004103995393961668, 0.004032178316265345, 0.00412325095385313, 0.004236884415149689]
epoch 35 cost time: 15.657347440719604s, losses: 0.0043973480351269245, save model success!
Epoch: 36 / 50 ============================
[0.0038965619169175625, 0.004099472425878048, 0.0043809381313622, 0.004493070766329765, 0.004616112913936377, 0.0038606906309723854, 0.0037914186250418425, 0.00509848864749074, 0.004416726529598236, 0.004023111891001463, 0.0046317982487380505, 0.004081319086253643, 0.003697568317875266, 0.003927290905267, 0.00410129688680172, 0.004199271090328693, 0.003614294808357954, 0.0038950806483626366, 0.00403135409578681, 0.004761527758091688, 0.004655029159039259, 0.0037909643724560738, 0.004172930959612131, 0.003867665771394968, 0.0037756578531116247, 0.00468213576823473, 0.004202960524708033, 0.004140455275774002, 0.0031878186855465174, 0.004441309254616499, 0.004182574339210987]
epoch 36 cost time: 15.961191415786743s, losses: 0.00415215827524662, save model success!
Epoch: 37 / 50 ============================
[0.0036054381635040045, 0.003942237701267004, 0.004610218107700348, 0.003441432723775506, 0.004207839258015156, 0.004615497775375843, 0.005109590478241444, 0.004590221215039492, 0.004245871212333441, 0.004088866990059614, 0.003613996785134077, 0.003695883322507143, 0.004298112820833921, 0.0048004984855651855, 0.003819488687440753, 0.004541743081063032, 0.003642469411715865, 0.003437918610870838, 0.004054238088428974, 0.00439929123967886, 0.0038860151544213295, 0.0037577771581709385, 0.004301531706005335, 0.0037134201265871525, 0.004084891173988581, 0.004162929020822048, 0.004369235131889582, 0.004447351209819317, 0.0040435572154819965, 0.004094087518751621, 0.003857979318127036]
epoch 37 cost time: 16.118072509765625s, losses: 0.0041122459806501865, save model success!
Epoch: 38 / 50 ============================
[0.00435155164450407, 0.0041463132947683334, 0.004052525851875544, 0.004682568367570639, 0.0037562446668744087, 0.004207015968859196, 0.0037601678632199764, 0.003989681135863066, 0.0042527723126113415, 0.004871710669249296, 0.003635934554040432, 0.004117672331631184, 0.0040583861991763115, 0.003705051727592945, 0.0041623967699706554, 0.004115475341677666, 0.004045771434903145, 0.004288218449801207, 0.0038005500100553036, 0.003836335614323616, 0.004162714350968599, 0.00414897408336401, 0.00449927244335413, 0.004010567907243967, 0.0038934380281716585, 0.003970756661146879, 0.004198811482638121, 0.004117200151085854, 0.0042132725939154625, 0.004677893128246069, 0.004744632635265589]
epoch 38 cost time: 16.863830089569092s, losses: 0.004144318867474794, save model success!
Epoch: 39 / 50 ============================
[0.004047082271426916, 0.004791736602783203, 0.004845616407692432, 0.004788803867995739, 0.004821343347430229, 0.0036853516940027475, 0.004516602493822575, 0.0037265499122440815, 0.003862291108816862, 0.004138692282140255, 0.00447550555691123, 0.004717756062746048, 0.004429693799465895, 0.00414397194981575, 0.0036663138307631016, 0.00424525560811162, 0.0036223072092980146, 0.004681008867919445, 0.0040896302089095116, 0.004264794290065765, 0.0036021640989929438, 0.0039895931258797646, 0.003459381638094783, 0.004219144117087126, 0.004369786474853754, 0.0037451903335750103, 0.004245489835739136, 0.003975002095103264, 0.004503022413700819, 0.004183454439043999, 0.004389673471450806]
epoch 39 cost time: 16.799422025680542s, losses: 0.004201361909508705, save model success!
Epoch: 40 / 50 ============================
[0.003997571300715208, 0.0041941087692976, 0.00437386566773057, 0.003807702334597707, 0.0040840813890099525, 0.004572914447635412, 0.0035023025702685118, 0.003714354243129492, 0.004633655771613121, 0.004141479264944792, 0.004273097030818462, 0.003783188061788678, 0.004169899970293045, 0.003787943860515952, 0.003811044152826071, 0.003856547176837921, 0.004020562395453453, 0.004168991465121508, 0.00406067306175828, 0.0044516222551465034, 0.004236225038766861, 0.0038282442837953568, 0.00405809236690402, 0.004036888014525175, 0.0042905304580926895, 0.004316304344683886, 0.004537125118076801, 0.0040107849054038525, 0.003923520445823669, 0.0037411979865282774, 0.0039674765430390835]
epoch 40 cost time: 16.41512942314148s, losses: 0.0040758708491921425, save model success!
Epoch: 41 / 50 ============================
[0.004363795276731253, 0.003961663693189621, 0.004131174646317959, 0.004587216768413782, 0.0037114988081157207, 0.004464517347514629, 0.004801176488399506, 0.003580125281587243, 0.004404790699481964, 0.0036627936642616987, 0.0043113199062645435, 0.0036421127151697874, 0.004609596915543079, 0.003869574749842286, 0.0036981955636292696, 0.004226716235280037, 0.003832090413197875, 0.0034982922952622175, 0.003878577146679163, 0.003956868778914213, 0.004169071558862925, 0.004146533086895943, 0.0036301056388765574, 0.003820351092144847, 0.004157950635999441, 0.00421783234924078, 0.0041654049418866634, 0.00376448268070817, 0.003638755064457655, 0.0043021803721785545, 0.004889022093266249]
epoch 41 cost time: 15.677972555160522s, losses: 0.004067541565746069, save model success!
Epoch: 42 / 50 ============================
[0.0036256464663892984, 0.003815949661657214, 0.003837163560092449, 0.004277999047189951, 0.004576082341372967, 0.003999827429652214, 0.003475332399830222, 0.003631662344560027, 0.003825632855296135, 0.004163971170783043, 0.004399321507662535, 0.004111312795430422, 0.004279784392565489, 0.003582611447200179, 0.00377925718203187, 0.003722315188497305, 0.0038992324844002724, 0.0037577839102596045, 0.0036892325151711702, 0.0041927010752260685, 0.0038492674939334393, 0.004514749627560377, 0.003638510126620531, 0.004327855538576841, 0.004192793276160955, 0.0046119834296405315, 0.004131574183702469, 0.004360106308013201, 0.004097736906260252, 0.003764672903344035, 0.004287124611437321]
epoch 42 cost time: 15.900123119354248s, losses: 0.004013522062450647, save model success!
Epoch: 43 / 50 ============================
[0.0038600147236138582, 0.004326941445469856, 0.004733480513095856, 0.004482575226575136, 0.00433700904250145, 0.0037946824450045824, 0.004364068619906902, 0.004006101284176111, 0.00404653325676918, 0.0033917578402906656, 0.004147461149841547, 0.003757673315703869, 0.0037887434009462595, 0.003443460213020444, 0.0038496574852615595, 0.003984449431300163, 0.003873708425089717, 0.00398284150287509, 0.004714781418442726, 0.0037597687914967537, 0.004182253498584032, 0.0036755951587110758, 0.00417952798306942, 0.004177466966211796, 0.004397029522806406, 0.0038326021749526262, 0.005103360861539841, 0.0038305928464978933, 0.004048362839967012, 0.0037653264589607716, 0.004110535606741905]
epoch 43 cost time: 16.329881191253662s, losses: 0.0040628500282764435, save model success!
Epoch: 44 / 50 ============================
[0.004444895312190056, 0.003949122503399849, 0.004141694866120815, 0.00489178579300642, 0.003887464292347431, 0.004482719581574202, 0.003623089985921979, 0.00393625209107995, 0.0042071654461324215, 0.004505146760493517, 0.0039983890019357204, 0.004824811592698097, 0.004136208910495043, 0.004105754662305117, 0.004449446219950914, 0.004428328480571508, 0.003967757802456617, 0.004884420894086361, 0.00386511511169374, 0.004017585888504982, 0.003789018839597702, 0.003756851889193058, 0.00492475088685751, 0.003833048278465867, 0.0040883528999984264, 0.003983435686677694, 0.004303257912397385, 0.0035324895288795233, 0.003933940548449755, 0.004162369761615992, 0.004247155040502548]
epoch 44 cost time: 16.128100156784058s, losses: 0.00417102687060833, save model success!
Epoch: 45 / 50 ============================
[0.0036710049025714397, 0.004044694826006889, 0.0045149484649300575, 0.003961327951401472, 0.004089866299182177, 0.003684703027829528, 0.0041336119174957275, 0.004392475355416536, 0.004138593561947346, 0.0032746607903391123, 0.004596214275807142, 0.003851647023111582, 0.003989895805716515, 0.003216586308553815, 0.0036405392456799746, 0.004064254928380251, 0.004280056804418564, 0.0037204870022833347, 0.003968743607401848, 0.004303169436752796, 0.00479807099327445, 0.0035861367359757423, 0.0036740759387612343, 0.00436787772923708, 0.003605104982852936, 0.0038681263104081154, 0.0043751951307058334, 0.0034735139925032854, 0.004037781152874231, 0.004126947373151779, 0.004262084141373634]
epoch 45 cost time: 15.725952386856079s, losses: 0.0039907218888401985, save model success!
Epoch: 46 / 50 ============================
[0.003417565254494548, 0.0033292467705905437, 0.004312553908675909, 0.004084339831024408, 0.004265749827027321, 0.003615986555814743, 0.004314516671001911, 0.0038465990219265223, 0.004316041246056557, 0.004663203842937946, 0.004149057902395725, 0.004297188017517328, 0.004106117412447929, 0.004048047121614218, 0.0047735292464494705, 0.003921892959624529, 0.0034030862152576447, 0.00439914595335722, 0.004386686719954014, 0.0045609064400196075, 0.0037603573873639107, 0.003967630211263895, 0.004008233547210693, 0.0037090571131557226, 0.00402459129691124, 0.003922587726265192, 0.0035474810283631086, 0.004867432173341513, 0.003433678764849901, 0.004060287959873676, 0.00433341646566987]
epoch 46 cost time: 17.00898265838623s, losses: 0.004059555474668741, save model success!
Epoch: 47 / 50 ============================
[0.005511823110282421, 0.003857437754049897, 0.004427934996783733, 0.004223501309752464, 0.004754663910716772, 0.003199256956577301, 0.004977105185389519, 0.004240372683852911, 0.0044952319003641605, 0.004463174846023321, 0.003778648329898715, 0.003939805086702108, 0.0041204337030649185, 0.00444465596228838, 0.0036839554086327553, 0.0035918503999710083, 0.0035373750142753124, 0.003914926666766405, 0.0046944101341068745, 0.0037876053247600794, 0.003982992377132177, 0.00395031226798892, 0.0037135807797312737, 0.0038828221149742603, 0.004278839100152254, 0.0035432639997452497, 0.0035916243214160204, 0.003859924152493477, 0.00373189733363688, 0.004364296793937683, 0.003837949363514781]
epoch 47 cost time: 17.34667205810547s, losses: 0.00407682778313756, save model success!
Epoch: 48 / 50 ============================
[0.0036630304530262947, 0.003715585684403777, 0.004236304201185703, 0.003866052720695734, 0.004397741053253412, 0.003723680740222335, 0.004133604466915131, 0.004059657920151949, 0.003950963262468576, 0.0036120074801146984, 0.003608494531363249, 0.003622289514169097, 0.004363102838397026, 0.00353347510099411, 0.0036222897469997406, 0.00379165168851614, 0.0036561591550707817, 0.0039647240191698074, 0.003645912976935506, 0.003678192151710391, 0.003633026732131839, 0.004074473865330219, 0.0036327086854726076, 0.004940561950206757, 0.0038099687080830336, 0.003924640826880932, 0.004097693134099245, 0.004126697313040495, 0.0038034154567867517, 0.004088398069143295, 0.004336034879088402]
epoch 48 cost time: 15.978781700134277s, losses: 0.003913307562470436, save model success!
Epoch: 49 / 50 ============================
[0.004274670500308275, 0.003594593144953251, 0.003383834380656481, 0.003607371123507619, 0.0035838186740875244, 0.003947574179619551, 0.004144857171922922, 0.004065703134983778, 0.004123355727642775, 0.003586114151403308, 0.004667617846280336, 0.0037565194070339203, 0.003748261369764805, 0.004872093442827463, 0.004214923828840256, 0.00416224543005228, 0.0036007410380989313, 0.004097867291420698, 0.004101271741092205, 0.003692454658448696, 0.003942915238440037, 0.003667231881991029, 0.0038350101094692945, 0.004047412890940905, 0.004359256010502577, 0.003739375388249755, 0.004164152778685093, 0.0036023734137415886, 0.003684085560962558, 0.0043129571713507175, 0.004519361071288586]
epoch 49 cost time: 15.290234327316284s, losses: 0.003970968537032604, save model success!
Epoch: 50 / 50 ============================
[0.0048460825346410275, 0.0039313011802732944, 0.003731084056198597, 0.0037699267268180847, 0.00427170330658555, 0.0037128806579858065, 0.003703909460455179, 0.0043079485185444355, 0.003928640391677618, 0.004232642240822315, 0.004316294100135565, 0.003579760668799281, 0.0039626737125217915, 0.0038697386626154184, 0.0035427329130470753, 0.003491014475002885, 0.003700315486639738, 0.0037728482857346535, 0.004097777418792248, 0.004501246847212315, 0.0042444211430847645, 0.003562592202797532, 0.003582517383620143, 0.0034882270265370607, 0.0037325082812458277, 0.0037782173603773117, 0.0040487791411578655, 0.004005038645118475, 0.0037569687701761723, 0.004448429681360722, 0.0041390061378479]
epoch 50 cost time: 15.885915756225586s, losses: 0.0039373296312987804, save model success!
